

Version:	3.9
CmdLine:	C:\Users\Charaf-Eddine\Desktop\ProjetAnnuel\Projet-annuel\Calibration.exe --l4j-debug
WOW64:		yes
Working dir:	C:\Users\Charaf-Eddine\Desktop\ProjetAnnuel\Projet-annuel\.
64-bit search:	SOFTWARE\JavaSoft\Java Runtime Environment...
Check:		SOFTWARE\JavaSoft\Java Runtime Environment\1.8
Check launcher:	C:\Program Files\Java\jre1.8.0_121\bin\javaw.exe (OK)
Match:		1.8
Check:		SOFTWARE\JavaSoft\Java Runtime Environment\1.8.0_111
Check launcher:	C:\Program Files\Java\jre1.8.0_111\bin\javaw.exe (OK)
Match:		1.8.0_111
Check:		SOFTWARE\JavaSoft\Java Runtime Environment\1.8.0_121
Check launcher:	C:\Program Files\Java\jre1.8.0_121\bin\javaw.exe (OK)
Match:		1.8.0_121
Check:		SOFTWARE\JavaSoft\Java Runtime Environment\1.8.0_91
Ignore:		1.8.0_091
64-bit search:	SOFTWARE\JavaSoft\Java Development Kit...
Check:		SOFTWARE\JavaSoft\Java Development Kit\1.8
Ignore:		1.8
Check:		SOFTWARE\JavaSoft\Java Development Kit\1.8.0_101
Ignore:		1.8.0_101
Check:		SOFTWARE\JavaSoft\Java Development Kit\1.8.0_121
Ignore:		1.8.0_121
Runtime used:	1.8.0_121 (64-bit)
Launcher:	C:\Program Files\Java\jre1.8.0_121\bin\javaw.exe
Launcher args:	-jar "C:\Users\Charaf-Eddine\Desktop\ProjetAnnuel\Projet-annuel\Calibration.exe"
Args length:	80/32768 chars
Exit code:	0


Version:	3.9
CmdLine:	C:\Users\Charaf-Eddine\Desktop\ProjetAnnuel\Projet-annuel\Calibration.exe --l4j-debug
WOW64:		yes
Working dir:	C:\Users\Charaf-Eddine\Desktop\ProjetAnnuel\Projet-annuel\.
64-bit search:	SOFTWARE\JavaSoft\Java Runtime Environment...
Check:		SOFTWARE\JavaSoft\Java Runtime Environment\1.8
Check launcher:	C:\Program Files\Java\jre1.8.0_121\bin\javaw.exe (OK)
Match:		1.8
Check:		SOFTWARE\JavaSoft\Java Runtime Environment\1.8.0_111
Check launcher:	C:\Program Files\Java\jre1.8.0_111\bin\javaw.exe (OK)
Match:		1.8.0_111
Check:		SOFTWARE\JavaSoft\Java Runtime Environment\1.8.0_121
Check launcher:	C:\Program Files\Java\jre1.8.0_121\bin\javaw.exe (OK)
Match:		1.8.0_121
Check:		SOFTWARE\JavaSoft\Java Runtime Environment\1.8.0_91
Ignore:		1.8.0_091
64-bit search:	SOFTWARE\JavaSoft\Java Development Kit...
Check:		SOFTWARE\JavaSoft\Java Development Kit\1.8
Ignore:		1.8
Check:		SOFTWARE\JavaSoft\Java Development Kit\1.8.0_101
Ignore:		1.8.0_101
Check:		SOFTWARE\JavaSoft\Java Development Kit\1.8.0_121
Ignore:		1.8.0_121
Runtime used:	1.8.0_121 (64-bit)
Launcher:	C:\Program Files\Java\jre1.8.0_121\bin\javaw.exe
Launcher args:	-jar "C:\Users\Charaf-Eddine\Desktop\ProjetAnnuel\Projet-annuel\Calibration.exe"
Args length:	80/32768 chars
Exit code:	0


Version:	3.9
CmdLine:	C:\Users\Charaf-Eddine\Desktop\ProjetAnnuel\Projet-annuel\Calibration.exe --l4j-debug
WOW64:		yes
Working dir:	C:\Users\Charaf-Eddine\Desktop\ProjetAnnuel\Projet-annuel\.
64-bit search:	SOFTWARE\JavaSoft\Java Runtime Environment...
Check:		SOFTWARE\JavaSoft\Java Runtime Environment\1.8
Check launcher:	C:\Program Files\Java\jre1.8.0_121\bin\javaw.exe (OK)
Match:		1.8
Check:		SOFTWARE\JavaSoft\Java Runtime Environment\1.8.0_111
Check launcher:	C:\Program Files\Java\jre1.8.0_111\bin\javaw.exe (OK)
Match:		1.8.0_111
Check:		SOFTWARE\JavaSoft\Java Runtime Environment\1.8.0_121
Check launcher:	C:\Program Files\Java\jre1.8.0_121\bin\javaw.exe (OK)
Match:		1.8.0_121
Check:		SOFTWARE\JavaSoft\Java Runtime Environment\1.8.0_91
Ignore:		1.8.0_091
64-bit search:	SOFTWARE\JavaSoft\Java Development Kit...
Check:		SOFTWARE\JavaSoft\Java Development Kit\1.8
Ignore:		1.8
Check:		SOFTWARE\JavaSoft\Java Development Kit\1.8.0_101
Ignore:		1.8.0_101
Check:		SOFTWARE\JavaSoft\Java Development Kit\1.8.0_121
Ignore:		1.8.0_121
Runtime used:	1.8.0_121 (64-bit)
Launcher:	C:\Program Files\Java\jre1.8.0_121\bin\javaw.exe
Launcher args:	-jar "C:\Users\Charaf-Eddine\Desktop\ProjetAnnuel\Projet-annuel\Calibration.exe"
Args length:	80/32768 chars
Exit code:	0


Version:	3.9
CmdLine:	C:\Users\Charaf-Eddine\Desktop\ProjetAnnuel\Projet-annuel\Calibration.exe --l4j-debug
WOW64:		yes
Working dir:	C:\Users\Charaf-Eddine\Desktop\ProjetAnnuel\Projet-annuel\.
64-bit search:	SOFTWARE\JavaSoft\Java Runtime Environment...
Check:		SOFTWARE\JavaSoft\Java Runtime Environment\1.8
Check launcher:	C:\Program Files\Java\jre1.8.0_121\bin\javaw.exe (OK)
Match:		1.8
Check:		SOFTWARE\JavaSoft\Java Runtime Environment\1.8.0_111
Check launcher:	C:\Program Files\Java\jre1.8.0_111\bin\javaw.exe (OK)
Match:		1.8.0_111
Check:		SOFTWARE\JavaSoft\Java Runtime Environment\1.8.0_121
Check launcher:	C:\Program Files\Java\jre1.8.0_121\bin\javaw.exe (OK)
Match:		1.8.0_121
Check:		SOFTWARE\JavaSoft\Java Runtime Environment\1.8.0_91
Ignore:		1.8.0_091
64-bit search:	SOFTWARE\JavaSoft\Java Development Kit...
Check:		SOFTWARE\JavaSoft\Java Development Kit\1.8
Ignore:		1.8
Check:		SOFTWARE\JavaSoft\Java Development Kit\1.8.0_101
Ignore:		1.8.0_101
Check:		SOFTWARE\JavaSoft\Java Development Kit\1.8.0_121
Ignore:		1.8.0_121
Runtime used:	1.8.0_121 (64-bit)
Launcher:	C:\Program Files\Java\jre1.8.0_121\bin\javaw.exe
Launcher args:	-jar "C:\Users\Charaf-Eddine\Desktop\ProjetAnnuel\Projet-annuel\Calibration.exe"
Args length:	80/32768 chars
Exit code:	0


Version:	3.9
CmdLine:	C:\Users\Charaf-Eddine\Desktop\ProjetAnnuel\Projet-annuel\Calibration.exe --l4j-debug
WOW64:		yes
Working dir:	C:\Users\Charaf-Eddine\Desktop\ProjetAnnuel\Projet-annuel\.
64-bit search:	SOFTWARE\JavaSoft\Java Runtime Environment...
Check:		SOFTWARE\JavaSoft\Java Runtime Environment\1.8
Check launcher:	C:\Program Files\Java\jre1.8.0_121\bin\javaw.exe (OK)
Match:		1.8
Check:		SOFTWARE\JavaSoft\Java Runtime Environment\1.8.0_111
Check launcher:	C:\Program Files\Java\jre1.8.0_111\bin\javaw.exe (OK)
Match:		1.8.0_111
Check:		SOFTWARE\JavaSoft\Java Runtime Environment\1.8.0_121
Check launcher:	C:\Program Files\Java\jre1.8.0_121\bin\javaw.exe (OK)
Match:		1.8.0_121
Check:		SOFTWARE\JavaSoft\Java Runtime Environment\1.8.0_91
Ignore:		1.8.0_091
64-bit search:	SOFTWARE\JavaSoft\Java Development Kit...
Check:		SOFTWARE\JavaSoft\Java Development Kit\1.8
Ignore:		1.8
Check:		SOFTWARE\JavaSoft\Java Development Kit\1.8.0_101
Ignore:		1.8.0_101
Check:		SOFTWARE\JavaSoft\Java Development Kit\1.8.0_121
Ignore:		1.8.0_121
Runtime used:	1.8.0_121 (64-bit)
Launcher:	C:\Program Files\Java\jre1.8.0_121\bin\javaw.exe
Launcher args:	-jar "C:\Users\Charaf-Eddine\Desktop\ProjetAnnuel\Projet-annuel\Calibration.exe"
Args length:	80/32768 chars
Exit code:	0


Version:	3.9
CmdLine:	C:\Users\Charaf-Eddine\Desktop\ProjetAnnuel\Projet-annuel\Calibration.exe --l4j-debug
WOW64:		yes
Working dir:	C:\Users\Charaf-Eddine\Desktop\ProjetAnnuel\Projet-annuel\.
64-bit search:	SOFTWARE\JavaSoft\Java Runtime Environment...
Check:		SOFTWARE\JavaSoft\Java Runtime Environment\1.8
Check launcher:	C:\Program Files\Java\jre1.8.0_121\bin\javaw.exe (OK)
Match:		1.8
Check:		SOFTWARE\JavaSoft\Java Runtime Environment\1.8.0_111
Check launcher:	C:\Program Files\Java\jre1.8.0_111\bin\javaw.exe (OK)
Match:		1.8.0_111
Check:		SOFTWARE\JavaSoft\Java Runtime Environment\1.8.0_121
Check launcher:	C:\Program Files\Java\jre1.8.0_121\bin\javaw.exe (OK)
Match:		1.8.0_121
Check:		SOFTWARE\JavaSoft\Java Runtime Environment\1.8.0_91
Ignore:		1.8.0_091
64-bit search:	SOFTWARE\JavaSoft\Java Development Kit...
Check:		SOFTWARE\JavaSoft\Java Development Kit\1.8
Ignore:		1.8
Check:		SOFTWARE\JavaSoft\Java Development Kit\1.8.0_101
Ignore:		1.8.0_101
Check:		SOFTWARE\JavaSoft\Java Development Kit\1.8.0_121
Ignore:		1.8.0_121
Runtime used:	1.8.0_121 (64-bit)
Launcher:	C:\Program Files\Java\jre1.8.0_121\bin\javaw.exe
Launcher args:	-jar "C:\Users\Charaf-Eddine\Desktop\ProjetAnnuel\Projet-annuel\Calibration.exe"
Args length:	80/32768 chars
Exit code:	0
